SCUBA, Version Diamond (64-bit) 3.9.1.119
Sat Feb 17 18:18:02 2018
  
Copyright (c) 1991-1994 by NeoCAD Inc. All rights reserved.
Copyright (c) 1995 AT&T Corp.   All rights reserved.
Copyright (c) 1995-2001 Lucent Technologies Inc.  All rights reserved.
Copyright (c) 2001 Agere Systems   All rights reserved.
Copyright (c) 2002-2017 Lattice Semiconductor Corporation,  All rights reserved.
  
BEGIN SCUBA Module Synthesis
  
    Issued command   : C:\lscc\diamond\3.9_x64\ispfpga\bin\nt64\scuba.exe -w -n DSO_RAMBUFFER_CH1 -lang vhdl -synth synplify -bus_exp 7 -bb -arch xo2c00 -type ramdp -device LCMXO2-7000HE -aaddr_width 10 -widtha 9 -baddr_width 10 -widthb 9 -anum_words 1024 -bnum_words 1024 -outdataA REGISTERED -outdataB REGISTERED -cascade -1 -resetmode SYNC -sync_reset -mem_init0 -writemodeA NORMAL -writemodeB NORMAL 
    Circuit name     : DSO_RAMBUFFER_CH1
    Module type      : RAM_DP_TRUE
    Module Version   : 7.5
    Ports            : 
    Inputs       : DataInA[8:0], DataInB[8:0], AddressA[9:0], AddressB[9:0], ClockA, ClockB, ClockEnA, ClockEnB, WrA, WrB, ResetA, ResetB
    Outputs      : QA[8:0], QB[8:0]
    I/O buffer       : not inserted
    Memory file      : INIT_ALL_0s
    EDIF output      : DSO_RAMBUFFER_CH1.edn
    VHDL output      : DSO_RAMBUFFER_CH1.vhd
    VHDL template    : DSO_RAMBUFFER_CH1_tmpl.vhd
    VHDL testbench   : tb_DSO_RAMBUFFER_CH1_tmpl.vhd
    VHDL purpose     : for synthesis and simulation
    Bus notation     : big endian
    Report output    : DSO_RAMBUFFER_CH1.srp
    Estimated Resource Usage:
            EBR : 1
  
END   SCUBA Module Synthesis

